         w __deregister_frame_info
         w __register_frame_info
         w userAppExit
         w userAppInit
00000000 00000401 B __ctru_dev_path_buf
00000000 a shift
00000000 a shift
00000000 b _TLS_MODULE_BASE_
00000404 00000802 B __ctru_dev_utf16_buf
00100000 A __start__
00100000 T _start
00100008 T __service_ptr
0010000c T __apt_appid
00100010 T __heap_size
00100014 T __linear_heap_size
00100018 T __system_arglist
0010001c T __system_runflags
00100020 t startup
00100058 t ClearMem
0010006c t ClrLoop
00100094 T _init
001000ac T __aeabi_uidiv
001000ac 000001ec T __udivsi3
001000ac t .udivsi3_skip_div0_test
00100298 00000020 T __aeabi_uidivmod
001002b8 T __aeabi_idiv
001002b8 00000220 T __divsi3
001002c0 t .divsi3_skip_div0_test
001004d8 00000020 T __aeabi_idivmod
001004f8 00000004 W __aeabi_idiv0
001004f8 00000004 W __aeabi_ldiv0
001004fc T __aeabi_drsub
00100504 000002b0 T __aeabi_dsub
00100504 000002b0 T __subdf3
00100508 000002ac T __adddf3
00100508 000002ac T __aeabi_dadd
001007b4 00000024 T __aeabi_ui2d
001007b4 00000024 T __floatunsidf
001007d8 00000028 T __aeabi_i2d
001007d8 00000028 T __floatsidf
00100800 00000048 T __aeabi_f2d
00100800 00000048 T __extendsfdf2
00100848 00000074 T __aeabi_ul2d
00100848 00000074 T __floatundidf
0010085c 00000060 T __aeabi_l2d
0010085c 00000060 T __floatdidf
001008bc T __aeabi_ldivmod
00100990 T __aeabi_uldivmod
001009e8 00000390 T strcmp
00100d70 t __do_global_dtors_aux
00100db0 t frame_dummy
00100ddc 00000260 t moveSprites
00101040 0000069c T main
001016dc 00000034 t C2Di_FrameEndHook
00101710 00000330 T C2D_Init
00101a40 00000044 T C2D_Fini
00101a84 000000d0 T C2D_Prepare
00101b54 0000003c T C2D_Flush
00101b90 00000108 T C2D_SceneSize
00101c98 00000058 T C2D_CreateScreenTarget
00101cf0 00000058 T C2D_TargetClear
00101d48 0000013c T C2Di_CalcQuad
00101e84 0000022c T C2Di_Update
001020b0 000002f8 T C2D_DrawImage
001023a8 0000006c T C2D_SpriteSheetLoadFromHandle
00102414 00000048 T C2D_SpriteSheetLoad
0010245c 00000028 T C2D_SpriteSheetFree
00102484 0000002c T C2D_SpriteSheetGetImage
001024b0 00000004 W C3Di_LightEnvUpdate
001024b4 00000004 W C3Di_LightEnvDirty
001024b8 000000b4 t C3Di_AptEventHook
0010256c 00000004 W C3Di_GasUpdate
00102570 000001e0 T C3D_Init
00102750 00000098 T C3D_SetViewport
001027e8 000004ec T C3Di_UpdateContext
00102cd4 000000e0 T C3Di_SplitFrame
00102db4 00000044 T C3D_Fini
00102df8 00000108 T C3D_BindProgram
00102f00 0000004c t onVBlank0
00102f4c 0000004c t onVBlank1
00102f98 00000080 t C3Di_RenderTargetDestroy
00103018 000000f4 t onQueueFinish
0010310c 00000038 T C3Di_RenderQueueEnableVBlank
00103144 00000030 T C3Di_RenderQueueDisableVBlank
00103174 00000060 T C3Di_RenderQueueInit
001031d4 000000b0 T C3Di_RenderQueueExit
00103284 00000034 T C3Di_RenderQueueWaitDone
001032b8 000000e4 T C3D_FrameBegin
0010339c 00000048 T C3D_FrameDrawOn
001033e4 00000058 T C3D_FrameSplit
0010343c 000001d8 T C3D_FrameEnd
00103614 0000001c T C3D_FrameEndHook
00103630 00000128 T C3D_RenderTargetCreate
00103758 000000a8 T C3D_RenderTargetSetOutput
00103800 000000fc T C3D_SyncTextureCopy
001038fc 000002a0 T C3D_TexInitWithParams
00103b9c 000000c8 T C3D_TexLoadImage
00103c64 00000044 T C3D_TexBind
00103ca8 00000074 T C3D_TexDelete
00103d1c 0000016c T C3Di_SetTex
00103e88 000003f4 t Tex3DSi_ImportCommon
0010427c 00000038 T Tex3DS_TextureImportStdio
001042b4 0000001c T Tex3DS_GetSubTexture
001042d0 00000004 T Tex3DS_TextureFree
001042d4 0000001c T C3D_CalcColorBufSize
001042f0 0000001c T C3D_CalcDepthBufSize
0010430c 00000044 T C3D_SetFrameBuf
00104350 0000016c T C3Di_FrameBufBind
001044bc 000000cc T C3D_FrameBufClear
00104588 00000044 T C3D_FrameBufTransfer
001045cc 00000034 T C3D_GetTexEnv
00104600 00000024 T C3Di_TexEnvBind
00104624 00000070 T C3D_ProcTexInit
00104694 00000054 T C3D_ProcTexBind
001046e8 0000005c T C3D_ProcTexLutBind
00104744 000000a4 T ProcTexLut_FromArray
001047e8 0000017c T C3Di_ProcTexUpdate
00104964 00000068 T C3Di_ProcTexDirty
001049cc 00000024 T BufInfo_Init
001049f0 00000080 T BufInfo_Add
00104a70 00000040 T C3D_SetBufInfo
00104ab0 00000048 T C3Di_BufInfoBind
00104af8 00000148 T C3D_DrawArrays
00104c40 00000040 T C3D_DepthMap
00104c80 0000001c T C3D_CullFace
00104c9c 00000040 T C3D_StencilTest
00104cdc 00000024 T C3D_StencilOp
00104d00 0000001c T C3D_BlendingColor
00104d1c 00000024 T C3D_EarlyDepthTest
00104d40 0000002c T C3D_DepthTest
00104d6c 0000002c T C3D_AlphaTest
00104d98 00000050 T C3D_AlphaBlend
00104de8 00000030 T C3D_FragOpMode
00104e18 00000044 T C3D_FragOpShadow
00104e5c 000001ac T C3Di_EffectBind
00105008 00000028 T AttrInfo_Init
00105030 00000098 T AttrInfo_AddLoader
001050c8 00000054 T C3D_SetAttrInfo
0010511c 00000080 T C3Di_AttrInfoBind
0010519c 000000a8 T C3D_ImmSendAttrib
00105244 0000029c T C3D_UpdateUniforms
001054e0 000000c0 T C3Di_DirtyUniforms
001055a0 000000d8 T C3Di_LoadShaderUniforms
00105678 00000028 T C3Di_ClearShaderUniforms
001056a0 000000cc T Mtx_Ortho
0010576c 000000cc T Mtx_OrthoTilt
00105838 00000024 t addrMapNodeComparator(rbtree_node const*, rbtree_node const*)
0010585c 00000004 t addrMapNodeDestructor(rbtree_node*)
00105860 00000114 T vramMemAlign
00105974 00000008 T vramAlloc
0010597c 0000005c T vramFree
001059d8 00000024 t addrMapNodeComparator(rbtree_node const*, rbtree_node const*)
001059fc 00000004 t addrMapNodeDestructor(rbtree_node*)
00105a00 00000120 T linearMemAlign
00105b20 00000008 T linearAlloc
00105b28 0000005c T linearFree
00105b84 00000084 T MemPool::CoalesceRight(MemBlock*)
00105c08 00000170 T MemPool::Allocate(MemChunk&, unsigned long, int)
00105d78 000000fc T MemPool::Deallocate(MemChunk const&)
00105e74 00000008 t romfs_close
00105e7c 000000c8 t romfs_seek
00105f44 00000024 t romfs_dirreset
00105f68 000000c8 t fill_dir
00106030 000002b0 t romfs_dirnext
001062e0 00000084 t romfs_free
00106364 000000d4 t searchForFile.constprop.0
00106438 000000d8 t searchForDir.constprop.0
00106510 000001c0 t navigateToDir.constprop.0
001066d0 00000128 t romfs_open
001067f8 0000004c t romfs_chdir
00106844 00000070 t romfs_diropen
001068b4 0000017c t romfs_stat
00106a30 00000008 t romfs_dirclose
00106a38 0000007c t romfs_fstat
00106ab4 000000d4 t romfs_read
00106b88 00000290 T romfsMountFromFile
00106e18 00000098 T romfsMountFromCurrentProcess
00106eb0 0000025c T romfsMountSelf
0010710c 000000ac T romfsUnmount
001071b8 00000074 T osConvertVirtToPhys
0010722c 00000054 T osGetTimeRef
00107280 000000e4 T osGetTime
00107364 00000074 T __libctru_gtod
001073d8 00000034 T __ctru_speedup_config
0010740c 00000178 T consoleDrawChar
00107584 00000124 T consolePrintChar
001076a8 00000a00 T con_write
001080a8 00000168 T consoleInit
00108210 000000f4 t newRow
00108304 000000d0 t gfxPresentFramebuffer
001083d4 0000001c T gfxIsWide
001083f0 000000ec T gfxSetScreenFormat
001084dc 00000010 T gfxSetDoubleBuffering
001084ec 00000108 T gfxInit
001085f4 00000010 T gfxInitDefault
00108604 000000b4 T gfxExit
001086b8 000000a0 T gfxGetFramebuffer
00108758 0000010c T gfxFlushBuffers
00108864 00000030 T gfxScreenSwapBuffers
00108894 00000050 T gfxSwapBuffersGpu
001088e4 000001e0 T shaderInstanceInit
00108ac4 00000018 T shaderInstanceGetUniformLocation
00108adc 0000001c T shaderProgramInit
00108af8 00000064 T shaderProgramFree
00108b5c 00000080 T shaderProgramSetVsh
00108bdc 000008c0 T shaderProgramConfigure
0010949c 000001f8 t DVLE_GenerateOutmap.part.0
00109694 000001cc T DVLB_ParseFile
00109860 00000038 T DVLB_Free
00109898 00000074 T DVLE_GetUniformRegister
0010990c 00000010 T GX_BindQueue
0010991c 00000078 T GX_ProcessCommandList
00109994 00000074 T GX_MemoryFill
00109a08 00000070 T GX_DisplayTransfer
00109a78 00000074 T GX_TextureCopy
00109aec 00000068 t gxCmdQueueDoCommands.part.0
00109b54 000000c8 T gxCmdQueueInterrupt
00109c1c 0000004c T gxCmdQueueClear
00109c68 000000f8 T gxCmdQueueAdd
00109d60 00000080 T gxCmdQueueRun
00109de0 00000060 T gxCmdQueueStop
00109e40 00000074 T gxCmdQueueWait
00109eb4 0000013c T GPUCMD_Add
00109ff0 000000ac T GPUCMD_Split
0010a09c 00000040 T f32tof16
0010a0dc 00000040 T f32tof24
0010a11c 00000044 T f32tof31
0010a160 00000c58 t gspHardwareInit
0010adb8 00000254 T gspInit
0010b00c 000000f0 T gspExit
0010b0fc 00000010 T gspHasGpuRight
0010b10c 00000098 T gspPresentBuffer
0010b1a4 00000030 T gspSetEventCallback
0010b1d4 00000050 T gspWaitForEvent
0010b224 0000004c T gspWaitForAnyEvent
0010b270 00000160 t gspEventThreadMain
0010b3d0 00000130 T gspSubmitGxCommand
0010b500 00000050 T GSPGPU_FlushDataCache
0010b550 00000034 T GSPGPU_SetLcdForceBlack
0010b584 00000068 T GSPGPU_AcquireRight
0010b5ec 00000048 T GSPGPU_ReleaseRight
0010b634 0000007c T GSPGPU_ImportDisplayCaptureInfo
0010b6b0 0000002c T GSPGPU_SaveVramSysArea
0010b6dc 0000002c T GSPGPU_RestoreVramSysArea
0010b708 000001b0 t aptConvertScreenForCapture
0010b8b8 00000008 W aptDspSleep
0010b8c0 00000004 W aptDspWakeup
0010b8c4 00000004 W aptDspCancel
0010b8c8 0000015c T aptSendCommand
0010ba24 00000038 t aptExitProcess
0010ba5c 000002f0 T aptExit
0010bd4c 000000d8 T aptHandleSleep
0010be24 00000030 T aptHook
0010be54 00000030 T aptUnhook
0010be84 00000084 T APT_SleepIfShellClosed
0010bf08 00000084 T aptSetSleepAllowed
0010bf8c 00000084 T APT_UnlockTransition
0010c010 00000484 t aptEventHandler
0010c494 000000b0 T APT_ReceiveParameter
0010c544 000000b0 t aptReceiveParameter.constprop.0
0010c5f8 000002bc t aptScreenTransfer
0010c8b4 000002d0 t aptWaitForWakeUp.isra.0
0010cb84 000000f8 T aptJumpToHomeMenu
0010cc7c 0000004c T aptMainLoop
0010ccc8 00000234 T aptInit
0010cefc 0000007c T APT_CheckNew3DS
0010cf78 00000024 W hidShouldUseIrrst
0010cf9c 0000018c T hidInit
0010d128 000000e8 T hidExit
0010d210 00000294 T hidScanInput
0010d4a4 00000010 T hidKeysHeld
0010d4b4 00000010 T hidKeysDown
0010d4c4 00000074 T ptmSysmInit
0010d538 0000003c T ptmSysmExit
0010d574 00000034 T PTMSYSM_ConfigureNew3DSCPU
0010d5a8 000000c8 T fsInit
0010d670 0000003c T fsExit
0010d6ac 00000060 T fsExemptFromSession
0010d70c 00000050 T fsUnexemptFromSession
0010d75c 000000cc T FSUSER_OpenFile
0010d828 000000d4 T FSUSER_OpenFileDirectly
0010d8fc 000000bc T FSUSER_DeleteFile
0010d9b8 000000f8 T FSUSER_RenameFile
0010dab0 000000bc T FSUSER_DeleteDirectory
0010db6c 000000d4 T FSUSER_CreateFile
0010dc40 000000c4 T FSUSER_CreateDirectory
0010dd04 000000f8 T FSUSER_RenameDirectory
0010ddfc 000000b4 T FSUSER_OpenDirectory
0010deb0 00000094 T FSUSER_OpenArchive
0010df44 0000008c T FSUSER_CloseArchive
0010dfd0 00000074 T FSUSER_GetSdmcArchiveResource
0010e044 00000064 T FSUSER_IsSdmcWritable
0010e0a8 00000058 T FSFILE_Read
0010e100 00000060 T FSFILE_Write
0010e160 00000038 T FSFILE_GetSize
0010e198 00000028 T FSFILE_SetSize
0010e1c0 0000003c T FSFILE_Close
0010e1fc 00000024 T FSFILE_Flush
0010e220 00000050 T FSDIR_Read
0010e270 0000003c T FSDIR_Close
0010e2ac 000000cc t buffer_read
0010e378 000000d0 t iov_read
0010e448 00000128 t iov_memmove
0010e570 000001d8 t decompress_rle
0010e748 00000258 t decompress_lzss
0010e9a0 000002ec t decompress_huff.part.0
0010ec8c 00000440 t decompress_lz11
0010f0cc 00000010 T decompressCallback_Stdio
0010f0dc 000000e4 T decompressHeader
0010f1c0 00000250 T decompressV
0010f410 00000010 T rbtree_init
0010f420 000001a0 t do_insert
0010f5c0 00000008 T rbtree_insert
0010f5c8 00000090 T rbtree_rotate
0010f658 00000338 T rbtree_remove
0010f990 00000074 T rbtree_find
0010fa04 000000e8 T utf16_to_utf8
0010faec 00000064 T decode_utf16
0010fb50 000000c0 T utf8_to_utf16
0010fc10 000001e0 W __system_allocateHeaps
0010fdf0 00000038 W __libctru_init
0010fe28 000000f0 W __system_initArgv
0010ff18 T svcControlMemory
0010ff38 T svcQueryMemory
0010ff68 T svcExitProcess
0010ff70 T svcCreateThread
0010ff90 T svcExitThread
0010ff98 T svcSleepThread
0010ffa0 T svcReleaseMutex
0010ffa8 T svcCreateEvent
0010ffbc T svcSignalEvent
0010ffc4 T svcClearEvent
0010ffcc T svcMapMemoryBlock
0010ffd4 T svcUnmapMemoryBlock
0010ffdc T svcCreateAddressArbiter
0010fff0 T svcArbitrateAddressNoTimeout
0010fff8 T svcCloseHandle
00110000 T svcWaitSynchronization
00110008 T svcWaitSynchronizationN
00110030 T svcDuplicateHandle
00110044 T svcGetSystemTick
0011004c T svcConnectToPort
00110060 T svcSendSyncRequest
00110068 T svcGetResourceLimit
0011007c T svcGetResourceLimitLimitValues
00110084 T svcGetResourceLimitCurrentValues
0011008c T svcBreak
00110094 W initSystem
001100e4 W __ctru_exit
001100fc T __aeabi_read_tp
00110108 0000000c T __sync_init
00110114 00000018 T __sync_fini
0011012c 0000002c T syncArbitrateAddress
00110158 0000001c T LightLock_Init
00110174 00000094 T LightLock_Lock
00110208 00000044 T LightLock_TryLock
0011024c 00000040 T LightLock_Unlock
0011028c 00000024 T RecursiveLock_Init
001102b0 00000030 T RecursiveLock_Lock
001102e0 00000078 T RecursiveLock_TryLock
00110358 00000054 T RecursiveLock_Unlock
001103ac 00000040 T LightEvent_Init
001103ec 000000a4 T LightEvent_Clear
00110490 000000c8 T LightEvent_Signal
00110558 00000058 T LightEvent_TryWait
001105b0 000000b0 T LightEvent_Wait
00110660 00000084 W envGetHandle
001106e4 00000050 W envDestroyHandles
00110734 00000124 T srvInit
00110858 00000058 T srvExit
001108b0 00000080 T srvGetServiceHandleDirect
00110930 00000048 T srvGetServiceHandle
00110978 00000038 T srvPublishToSubscriber
001109b0 00000188 T threadCreate
00110b38 0000002c T threadFree
00110b64 00000024 T threadJoin
00110b88 00000030 T threadGetCurrent
00110bb8 00000040 T threadExit
00110bf8 00000044 t _thread_begin
00110c3c 00000094 t mappableFindAddressWithin
00110cd0 00000028 T mappableInit
00110cf8 00000080 T mappableAlloc
00110d78 00000004 T mappableFree
00110d7c 00000160 T irrstInit
00110edc 000000cc T irrstExit
00110fa8 000000b0 T irrstScanInput
00111058 00000024 T irrstKeysHeld
0011107c 0000000c T srvPmGetSessionHandle
00111088 00000050 T rbtree_node_next
001110d8 00000060 T encode_utf16
00111138 000000fc T encode_utf8
00111234 0000013c T decode_utf8
00111370 00000030 W __appInit
001113a0 00000030 t __libctru_nanosleep
001113d0 00000030 t __libctru_get_reent
00111400 000000f8 T __system_initSyscalls
001114f8 00000030 W __appExit
00111528 00000090 W __libctru_exit
001115b8 00000014 t archive_link
001115cc 00000014 t archive_dirreset
001115e0 00000014 t archive_chmod
001115f4 00000024 t error_cmp
00111618 00000050 t archive_translate_error
00111668 000000d4 t archive_seek
0011173c 0000007c t _archiveInit.part.0
001117b8 0000008c t archiveFindDevice.part.0
00111844 00000294 t archive_utf16path
00111ad8 000000a0 t _archiveUnmountDeviceStruct.part.0
00111b78 00000014 t archive_fchmod
00111b8c 00000014 t archive_statvfs
00111ba0 00000158 t _archiveMountDevice
00111cf8 000000e8 t archive_diropen
00111de0 000000a4 t archive_fstat
00111e84 0000006c t archive_close
00111ef0 0000006c t archive_fsync
00111f5c 00000070 t archive_dirclose
00111fcc 000000e8 t sdmc_statvfs
001120b4 00000080 t archive_ftruncate
00112134 000000fc t archive_chdir
00112230 000000b0 t archive_read
001122e0 000000ac t archive_unlink
0011238c 000000c8 t archive_rmdir
00112454 000000ec t archive_mkdir
00112540 000001a8 t archive_stat
001126e8 00000184 t archive_rename
0011286c 00000168 t archive_dirnext
001129d4 0000012c t archive_write
00112b00 000001f0 t archive_open
00112cf0 000001a4 T archiveMountSdmc
00112e94 00000054 T archiveUnmountAll
00112ee8 0000022c T cosf
00113114 00000024 t with_errnof
00113138 0000001c T __math_invalidf
00113158 0000026c T sinf
001133c4 00000120 T __udivmoddi4
001134e4 00000078 T bsearch
0011355c 00000028 T calloc
00113584 000000bc T _calloc_r
00113640 0000000c T __errno
0011364c 00000034 T exit
00113680 00000160 T _fclose_r
001137e0 00000020 T fclose
00113800 00000258 T __sflush_r
00113a58 00000094 T _fflush_r
00113aec 00000038 T fflush
00113b24 0000000c T _cleanup_r
00113b30 00000184 T __sinit
00113cb4 00000134 T __sfp
00113de8 0000000c T __sfp_lock_acquire
00113df4 0000000c T __sfp_lock_release
00113e00 0000003c T __libc_fini_array
00113e3c 00000140 T _fopen_r
00113f7c 00000028 T fopen
00113fa4 000002d4 T _fread_r
00114278 00000038 T fread
001142b0 000000f8 T _malloc_trim_r
001143a8 000002e4 T _free_r
0011468c 0000001c T _fseek_r
001146a8 00000598 T _fseeko_r
00114c40 00000068 T _fwalk
00114ca8 00000070 T _fwalk_reent
00114d18 0000007c T __libc_init_array
00114d94 00000138 T __smakebuf_r
00114ecc 0000008c T __swhatbuf_r
00114f58 00000028 T memalign
00114f80 00000150 T _memalign_r
001150d0 00000020 T malloc
001150f0 00000020 T free
00115110 000007e0 T _malloc_r
001158f0 000000e0 T memchr
001159d0 000000a8 T memcmp
00115a78 0000011c T memcpy
00115b94 00000118 T memset
00115cac 0000000c T __malloc_lock
00115cb8 0000000c T __malloc_unlock
00115cc4 00000034 T printf
00115cf8 0000001c T srand
00115d14 00000044 T rand
00115d58 0000001c t lflush
00115d74 000001ac T __srefill_r
00115f20 00000260 T setvbuf
00116180 00000074 T sscanf
001161f4 00000044 T __sread
00116238 00000008 T __seofread
00116240 00000068 T __swrite
001162a8 00000048 T __sseek
001162f0 00000008 T __sclose
001162f8 0000012c T strchr
00116424 0000005c T strlen
00116480 000000ec T strncat
0011656c 000000dc T strncmp
00116648 000000c0 T strncpy
00116708 00000048 T strnlen
00116750 00000050 t get_arg
001167a0 00002bbc T __ssvfscanf_r
0011935c 0000003c T time
00119398 00000628 t get_arg
001199c0 00000030 T __sprint_r
001199f0 0000233c T _vfiprintf_r
0011bd2c 000000d4 t __sbprintf
0011be00 00000628 t get_arg
0011c428 00003684 T _vfprintf_r
0011faac 000000d4 t __sbprintf
0011fb80 00000054 T _wcrtomb_r
0011fbd4 00000028 T _wcsrtombs_r
0011fbfc 00000154 T __swsetup_r
0011fd50 00000114 T __call_exitprocs
0011fe64 000001ac t quorem
00120010 000012cc T _dtoa_r
001212dc 000000cc T __sflags
001213a8 000004c0 T __sfvwrite_r
00121868 00000008 T iswspace
00121870 0000000c T _localeconv_r
0012187c 00000010 T __locale_mb_cur_max
0012188c 00000068 T _mbrtowc_r
001218f4 000002e4 T __utf8_mbtowc
00121bd8 00000154 T memmove
00121d2c 00000088 T _Balloc
00121db4 0000001c T _Bfree
00121dd0 000000f4 T __multadd
00121ec4 00000110 T __s2b
00121fd4 00000058 T __hi0bits
0012202c 00000094 T __lo0bits
001220c0 000000a4 T __i2b
00122164 00000204 T __multiply
00122368 00000120 T __pow5mult
00122488 0000013c T __lshift
001225c4 00000058 T __mcmp
0012261c 000001cc T __mdiff
001227e8 00000074 T __ulp
0012285c 000000d0 T __b2d
0012292c 00000124 T __d2b
00122a50 00000078 T __ratio
00122ac8 00000088 T __copybits
00122b50 0000005c T __any_on
00122bac 00000028 T realloc
00122bd4 00000558 T _realloc_r
0012312c 000000e4 T __sccl
00123210 0000000c T nanf
00123220 000000a8 T frexp
001232c8 00000064 T sprintf
0012332c 000000b8 T stpncpy
001233e8 00001368 T _strtod_l
00124750 0000000c T _strtod_r
0012475c 0000022c t _strtoll_l.constprop.0
00124988 00000004 T _strtoll_r
0012498c 000001a4 t _strtol_l.part.0
00124b30 0000003c T _strtol_r
00124b6c 00000244 t _strtoull_l.constprop.0
00124db0 00000004 T _strtoull_r
00124db4 000001c4 t _strtoul_l.constprop.0
00124f78 00000004 T _strtoul_r
00124f7c 00000190 T __ssprint_r
0012510c 000000e0 T _sungetc_r
001251ec 0000006c T __ssrefill_r
00125258 000000c8 T _sfread_r
00125320 00000628 t get_arg
00125948 000035b8 T _svfprintf_r
00128f00 000000a8 T __submore
00128fa8 00000190 T _wcsnrtombs_l
00129138 0000004c T _wcsnrtombs_r
00129184 000000f0 T __utf8_wctomb
00129274 00000054 T __assert_func
001292c8 0000003c T fiprintf
00129304 000000ec t rshift
001293f0 00000904 T __gethex
00129cf4 0000004c T __match
00129d40 0000029c T __hexnan
00129fdc 0000003c T iswspace_l
0012a018 000001d4 t __jp2uc
0012a1ec 0000009c T _jp2uc_l
0012a288 00000010 T nan
0012a298 00000014 T abort
0012a2ac 00000084 T category
0012a330 00000098 T _raise_r
0012a3c8 00000020 T raise
0012a3e8 00000008 t null_write
0012a3f0 00000018 T setDefaultDevice
0012a408 000000c8 T FindDevice
0012a4d0 00000028 T RemoveDevice
0012a4f8 0000009c T AddDevice
0012a594 00000020 T GetDeviceOpTab
0012a5b4 00000078 T _fstat_r
0012a62c 00000014 T _getpid_r
0012a640 00000038 T _gettimeofday_r
0012a678 00000008 T _isatty_r
0012a680 00000014 T _kill_r
0012a694 00000084 T _lseek_r
0012a718 000000c8 T _open_r
0012a7e0 00000080 T _read_r
0012a860 00000078 T _sbrk_r
0012a8d8 00000080 T _write_r
0012a958 00000024 T _exit
0012a97c 000001b8 T _concatenate_path
0012ab34 00000160 T chdir
0012ac94 00000008 T __flockfile
0012ac9c 00000008 T __funlockfile
0012aca4 00000018 T __libc_lock_acquire
0012acbc 00000018 T __libc_lock_release
0012acd4 00000018 T __libc_lock_init_recursive
0012acec 00000018 T __libc_lock_acquire_recursive
0012ad04 00000018 T __libc_lock_release_recursive
0012ad1c 00000018 T __libc_lock_close_recursive
0012ad34 0000008c T __release_handle
0012adc0 000000b4 T __alloc_handle
0012ae74 0000003c T __get_handle
0012aeb0 000000f4 T _close_r
0012afa4 00000028 T __getreent
0012afcc 00000038 T __aeabi_d2lz
0012afcc 00000038 T __fixdfdi
0012b008 00000040 T __aeabi_d2ulz
0012b008 00000040 T __fixunsdfdi
0012b048 00000044 T strrchr
0012b08c T _fini
0012c130 R render2d_shbin
0012c2bc R render2d_shbin_end
0012c2bc R render2d_shbin_size
0012c2c0 00000038 r CSWTCH.18
0012c2f8 00000005 r colorFmtSizes
0012c300 00000004 r depthFmtSizes
0012c304 00000010 r CSWTCH.9
0012c334 00000070 r romFS_devoptab
0012c408 00000030 r colorTable
0012c438 00000070 r dotab_stdout
0012c4cc 00000008 r morton_x.3
0012c4d4 00000008 r morton_y.2
0012c4dc 00000008 r s_sleepWakeEvents.4
0012c510 R default_font_bin
0012cd10 R default_font_bin_end
0012cd3c 00000070 r archive_devoptab
0012cdac 00000030 r error_table
0012cddc 00000060 R __inv_pio4
0012ce40 000000e0 R __sincosf_table
0012cf20 00000004 R _global_impure_ptr
0012cf2c 00000022 r basefix.0
0012cf78 00000010 r blanks.1
0012cf88 00000010 r zeroes.0
0012cfac 00000010 r blanks.1
0012cfbc 00000010 r zeroes.0
0012cfcc 00000101 R _ctype_
0012d0e0 r .LC2
0012d1c0 00000028 R __mprec_bigtens
0012d1e8 000000c8 R __mprec_tens
0012d2b0 0000000c r p05.0
0012d2cc 00000014 r fpi.1
0012d2e0 00000014 r fpinan.0
0012d2f8 00000028 r tinytens
0012d320 0000006c R __action_table
0012d38c 00000100 R __chclass
0012d48c 0000006c R __state_table
0012d4f8 00000010 r blanks.1
0012d508 00000010 r zeroes.0
0012d5a0 00000100 R __hexdig
0012d6b4 000000bc r a1
0012d770 000000bc r a2
0012d82c 0000005b r a3
0012d888 00000070 r a6
0012d8f8 000000a2 r a7
0012d99c 00000040 r a8
0012d9dc 0000172a r b02cf
0012f108 00001a7c r d02f4
00130b84 0000000c R _C_numeric_locale
00130b90 000031e6 r categories
00133d78 00000070 R dotab_stdnull
00133de8 r 
00133de8 R __exidx_end
00133de8 R __exidx_start
00134000 00000004 d numSprites
00134004 00000004 D playerColor
00134008 00000004 D playerX
0013400c 00000004 D playerY
00134010 00000004 D playerW
00134014 00000004 D playerH
00134018 00000004 d framerate
0013401c 00000008 d framerateCounter
00134024 00000004 D currentConsole
00134028 0000004c D defaultConsole
00134074 00000001 d firstConsoleInit.0
00134078 00000004 d queueLock
0013407c 00000004 d kCount
00134080 00000004 d kDelay
00134084 00000004 d kInterval
00134088 W __stacksize__
0013408c 0000000c d __sfp_recursive_mutex
00134098 0000000c d __sinit_recursive_mutex
001340a4 00000004 D _impure_ptr
001340a8 00000460 d impure_data
00134508 00000408 D __malloc_av_
00134910 00000004 D __malloc_sbrk_base
00134914 00000004 D __malloc_trim_threshold
00134918 0000000c d __malloc_recursive_mutex
00134924 0000000c D __atexit_recursive_mutex
00134930 0000016c D __global_locale
00134a9c 00000002 d numempty
00134aa0 00000004 d defaultDevice
00134aa4 0000008c D devoptab_list
00134b30 00000400 d _current_working_directory
00134f30 00000004 d __hndl_lock
00134f34 0000000c d __stderr_handle
00134f40 0000000c d __stdin_handle
00134f4c 0000000c d __stdout_handle
00134f58 00001000 d handles
00135f60 d _GLOBAL_OFFSET_TABLE_
00135f6c d __frame_dummy_init_array_entry
00135f6c D __init_array_start
00135f6c B __preinit_array_end
00135f6c B __preinit_array_start
00135f6c D __tdata_lma
00135f6c D __tdata_lma_end
00135f70 d __do_global_dtors_aux_fini_array_entry
00135f70 D __fini_array_start
00135f70 D __init_array_end
00135f74 D __bss_start__
00135f74 D __fini_array_end
00135f74 000004e0 b sprites
00136454 00000004 B dead
00136458 00000004 B waitingCount
0013645c 00000004 b spriteSheet
00136460 00000004 B colorCount
00136464 00000004 B score
00136468 b completed.1
0013646c b object.0
00136488 000005a0 B __C2Di_Context
00136a28 00000040 b s_projBot
00136a68 00000040 b s_projTop
00136aa8 00000004 b uLoc_mdlvMtx
00136aac 00000004 b uLoc_projMtx
00136ab0 000002d0 B __C3D_Context
00136d80 0000000c b hookCookie
00136d90 00000010 b cpuTime
00136da0 00000004 b firstTarget
00136da4 00000008 b frameCounter
00136dac 00000004 b frameEndCb
00136db0 00000004 b frameEndCbData
00136db8 00000010 b gpuTime
00136dc8 00000001 b inFrame
00136dc9 00000001 b inSafeTransfer
00136dca 00000001 b isTopStereo
00136dcc 00000004 b lastTarget
00136dd0 0000000c b linkedTarget
00136ddc 00000001 b measureGpuTime
00136ddd 00000001 b needSwapBot
00136dde 00000001 b needSwapTop
00136de0 00000004 B C3D_BoolUnifs
00136de4 00000002 B C3D_BoolUnifsDirty
00136de8 00000c00 B C3D_FVUnif
001379e8 000000c0 B C3D_FVUnifDirty
00137aa8 00000020 B C3D_IVUnif
00137ac8 00000008 B C3D_IVUnifDirty
00137ad0 000000c0 b C3Di_FVUnifEverDirty
00137b90 00000008 b C3Di_IVUnifEverDirty
00137b98 00000018 b C3Di_ShaderFVecData
00137bb0 0000000c b sAddrMap
00137bbc 00000008 b sVramPool
00137bc4 00000008 b sLinearPool
00137bcc 0000000c b sAddrMap
00137bd8 00000004 V __romfs_path
00137bdc 00000004 b romfs_mount_list
00137be0 00000001 V __ctru_speedup
00137be4 0000004c B currentCopy
00137c30 00000004 b gfxBottomFramebufferMaxSize
00137c34 00000008 b gfxBottomFramebuffers
00137c3c 00000002 b gfxCurBuf
00137c40 00000002 b gfxFramebufferFormats
00137c44 00000002 b gfxIsDoubleBuf
00137c46 00000001 b gfxIsVram
00137c48 00000004 b gfxTopFramebufferMaxSize
00137c4c 00000008 b gfxTopFramebuffers
00137c54 00000001 b gfxTopMode
00137c58 00000004 b screenAlloc
00137c5c 00000004 b screenFree
00137c60 00000004 b boundQueue
00137c64 00000004 b curQueue
00137c68 00000001 b isActive
00137c69 00000001 b isRunning
00137c6a 00000001 b shouldStop
00137c6c 00000004 B gpuCmdBuf
00137c70 00000004 B gpuCmdBufOffset
00137c74 00000004 B gpuCmdBufSize
00137c78 00000004 b gspEvent
00137c7c 0000001c b gspEventCb
00137c98 0000001c b gspEventCbData
00137cb4 00000007 b gspEventCbOneShot
00137cbc 00000004 b gspEventThread
00137cc0 00000038 b gspEvents
00137cf8 00000004 b gspGpuHandle
00137cfc 00000001 b gspGpuRight
00137d00 00000004 b gspLastEvent
00137d04 00000004 b gspRefCount
00137d08 00000001 b gspRunEvents
00137d0c 00000004 b gspSharedMem
00137d10 00000004 b gspSharedMemHandle
00137d14 00000001 b gspThreadId
00137d15 00000001 b aptChainloadFlags
00137d16 00000001 b aptChainloadMediatype
00137d18 00000008 b aptChainloadTid
00137d20 00000004 b aptEventHandlerThread
00137d24 00000001 b aptEventHandlerThreadQuit
00137d28 00000008 b aptEvents
00137d30 0000000c b aptFirstHook
00137d3c 00000004 b aptFlags
00137d40 00000001 b aptHomeButtonState
00137d44 00000004 b aptLockHandle
00137d48 00000004 b aptMessageFunc
00137d4c 00000004 b aptMessageFuncData
00137d50 00001000 b aptParameters
00138d50 00000008 b aptReceiveEvent
00138d58 00000004 b aptRefCount
00138d5c 00000008 b aptSleepEvent
00138d64 00000001 b flagInit.1
00138d65 00000001 b flagValue.0
00138d68 00000004 b serviceName.6
00138d6c 00000006 b aVec
00138d74 00000004 b cPos
00138d78 00000006 b gRate
00138d80 00000014 B hidEvents
00138d94 00000004 B hidHandle
00138d98 00000004 B hidMemHandle
00138d9c 00000004 b hidRefCount
00138da0 00000004 B hidSharedMem
00138da4 00000004 b kDown
00138da8 00000004 b kHeld
00138dac 00000004 b kOld
00138db0 00000004 b kRepeat
00138db4 00000004 b kUp
00138db8 00000004 b tPos
00138dbc 00000001 b usingIrrst
00138dc0 00000004 b ptmSysmHandle
00138dc4 00000004 b ptmSysmRefCount
00138dc8 00000080 b fsExemptArchives
00138e48 00000004 b fsuHandle
00138e4c 00000004 b fsuRefCount
00138e50 00000004 B __ctru_heap
00138e54 00000004 V __ctru_heap_size
00138e58 00000004 B __ctru_linear_heap
00138e5c 00000004 V __ctru_linear_heap_size
00138e60 00000004 B __system_retAddr
00138e64 00000004 B __system_argc
00138e68 00000004 B __system_argv
00138e6c b saved_stack
00138e74 00000004 b arbiter
00138e78 00000004 b srvHandle
00138e7c 00000004 b srvRefCount
00138e80 00000004 b currentAddr
00138e84 00000004 b maxAddr
00138e88 00000004 b minAddr
00138e8c 00000004 b csPos
00138e90 00000004 B irrstEvent
00138e94 00000004 B irrstHandle
00138e98 00000004 B irrstMemHandle
00138e9c 00000004 b irrstRefCount
00138ea0 00000004 B irrstSharedMem
00138ea4 00000004 b kHeld
00138ea8 00000004 b srvPmHandle
00138eac 00000004 b archive_device_cwd
00138eb0 00000540 b archive_devices
001393f0 00000001 b archive_initialized
001393f4 00000028 B __malloc_current_mallinfo
0013941c 00000004 B __malloc_max_sbrked_mem
00139420 00000004 B __malloc_max_total_mem
00139424 00000004 B __malloc_top_pad
00139428 00000004 b heap_start.0
0013942c 00000004 B fake_heap_end
00139430 00000004 B fake_heap_start
00139434 00000400 b temp_cwd
00139834 00000048 B __syscalls
0013987c B __tls_start
0013a484 B __bss_end__
0013a484 A __end__
0013a484 B __tls_end
